---------------------------------------
Begin Slurm Prolog: Nov-16-2025 15:06:48
Job ID:    3585945
User ID:   rn84
Account:   ece
Job name:  real_a100_fp16_lr1e-3_sub1e-3_s1
Partition: coc-gpu
QOS:       coc-ice
---------------------------------------
---------------------------------------
Begin Slurm Epilog: Nov-16-2025 15:06:49
Job ID:        3585945
User ID:       rn84
Account:       ece
Job name:      real_a100_fp16_lr1e-3_sub1e-3_s1
Resources:     cpu=2,gres/gpu:a100=1,mem=8G,node=1
Rsrc Used:     cput=00:00:10,vmem=0,walltime=00:00:05,mem=11208K,energy_used=0
Partition:     coc-gpu
QOS:           coc-ice
Nodes:         atl1-1-01-005-15-0
---------------------------------------
