---------------------------------------
Begin Slurm Prolog: Nov-16-2025 12:41:30
Job ID:    3586025
User ID:   rn84
Account:   ece
Job name:  real_mi210_fp16_lr1e-2_sub1e-5_s3
Partition: coc-gpu
QOS:       coc-ice
---------------------------------------
---------------------------------------
Begin Slurm Epilog: Nov-16-2025 12:41:30
Job ID:        3586025
User ID:       rn84
Account:       ece
Job name:      real_mi210_fp16_lr1e-2_sub1e-5_s3
Resources:     cpu=2,gres/gpu:mi210=1,mem=8G,node=1
Rsrc Used:     cput=00:00:04,vmem=0,walltime=00:00:02,mem=11116K,energy_used=0
Partition:     coc-gpu
QOS:           coc-ice
Nodes:         atl1-1-01-005-19-0
---------------------------------------
