---------------------------------------
Begin Slurm Prolog: Nov-16-2025 15:10:09
Job ID:    3585983
User ID:   rn84
Account:   ece
Job name:  real_a100_bf16_lr3e-3_sub1e-3_s3
Partition: coc-gpu
QOS:       coc-ice
---------------------------------------
---------------------------------------
Begin Slurm Epilog: Nov-16-2025 15:10:10
Job ID:        3585983
User ID:       rn84
Account:       ece
Job name:      real_a100_bf16_lr3e-3_sub1e-3_s3
Resources:     cpu=2,gres/gpu:a100=1,mem=8G,node=1
Rsrc Used:     cput=00:00:08,vmem=0,walltime=00:00:04,mem=11024K,energy_used=0
Partition:     coc-gpu
QOS:           coc-ice
Nodes:         atl1-1-01-005-15-0
---------------------------------------
