---------------------------------------
Begin Slurm Prolog: Nov-16-2025 13:34:31
Job ID:    3585929
User ID:   rn84
Account:   ece
Job name:  real_v100_fp16_lr3e-3_sub1e-3_s3
Partition: coc-gpu
QOS:       coc-ice
---------------------------------------
---------------------------------------
Begin Slurm Epilog: Nov-16-2025 13:34:32
Job ID:        3585929
User ID:       rn84
Account:       ece
Job name:      real_v100_fp16_lr3e-3_sub1e-3_s3
Resources:     cpu=2,gres/gpu:v100=1,mem=8G,node=1
Rsrc Used:     cput=00:00:06,vmem=0,walltime=00:00:03,mem=11108K,energy_used=0
Partition:     coc-gpu
QOS:           coc-ice
Nodes:         atl1-1-02-009-31-0
---------------------------------------
