---------------------------------------
Begin Slurm Prolog: Nov-16-2025 13:35:03
Job ID:    3585935
User ID:   rn84
Account:   ece
Job name:  real_v100_fp16_lr3e-3_sub1e-5_s3
Partition: coc-gpu
QOS:       coc-ice
---------------------------------------
---------------------------------------
Begin Slurm Epilog: Nov-16-2025 13:35:04
Job ID:        3585935
User ID:       rn84
Account:       ece
Job name:      real_v100_fp16_lr3e-3_sub1e-5_s3
Resources:     cpu=2,gres/gpu:v100=1,mem=8G,node=1
Rsrc Used:     cput=00:00:08,vmem=0,walltime=00:00:04,mem=10964K,energy_used=0
Partition:     coc-gpu
QOS:           coc-ice
Nodes:         atl1-1-02-009-31-0
---------------------------------------
