---------------------------------------
Begin Slurm Prolog: Nov-16-2025 15:07:56
Job ID:    3585958
User ID:   rn84
Account:   ece
Job name:  real_a100_fp16_lr3e-3_sub1e-4_s2
Partition: coc-gpu
QOS:       coc-ice
---------------------------------------
---------------------------------------
Begin Slurm Epilog: Nov-16-2025 15:07:56
Job ID:        3585958
User ID:       rn84
Account:       ece
Job name:      real_a100_fp16_lr3e-3_sub1e-4_s2
Resources:     cpu=2,gres/gpu:a100=1,mem=8G,node=1
Rsrc Used:     cput=00:00:08,vmem=0,walltime=00:00:04,mem=10964K,energy_used=0
Partition:     coc-gpu
QOS:           coc-ice
Nodes:         atl1-1-01-005-15-0
---------------------------------------
