---------------------------------------
Begin Slurm Prolog: Nov-16-2025 12:46:32
Job ID:    3586036
User ID:   rn84
Account:   ece
Job name:  real_mi210_bf16_lr3e-3_sub1e-3_s2
Partition: coc-gpu
QOS:       coc-ice
---------------------------------------
---------------------------------------
Begin Slurm Epilog: Nov-16-2025 12:46:33
Job ID:        3586036
User ID:       rn84
Account:       ece
Job name:      real_mi210_bf16_lr3e-3_sub1e-3_s2
Resources:     cpu=2,gres/gpu:mi210=1,mem=8G,node=1
Rsrc Used:     cput=00:00:08,vmem=0,walltime=00:00:04,mem=10972K,energy_used=0
Partition:     coc-gpu
QOS:           coc-ice
Nodes:         atl1-1-01-005-19-0
---------------------------------------
